{"/Users/22282203/Documents/Teste_Unitario/matematica.js": {"path":"/Users/22282203/Documents/Teste_Unitario/matematica.js","statementMap":{"0":{"start":{"line":8,"column":13},"end":{"line":10,"column":1}},"1":{"start":{"line":9,"column":4},"end":{"line":9,"column":18}},"2":{"start":{"line":12,"column":17},"end":{"line":14,"column":1}},"3":{"start":{"line":13,"column":4},"end":{"line":13,"column":56}},"4":{"start":{"line":26,"column":0},"end":{"line":29,"column":1}}},"fnMap":{"0":{"name":"(anonymous_0)","decl":{"start":{"line":8,"column":13},"end":{"line":8,"column":14}},"loc":{"start":{"line":8,"column":25},"end":{"line":10,"column":1}},"line":8},"1":{"name":"(anonymous_1)","decl":{"start":{"line":12,"column":17},"end":{"line":12,"column":18}},"loc":{"start":{"line":12,"column":29},"end":{"line":14,"column":1}},"line":12}},"branchMap":{"0":{"loc":{"start":{"line":13,"column":11},"end":{"line":13,"column":56}},"type":"cond-expr","locations":[{"start":{"line":13,"column":25},"end":{"line":13,"column":26}},{"start":{"line":13,"column":29},"end":{"line":13,"column":56}}],"line":13}},"s":{"0":1,"1":2,"2":1,"3":13,"4":1},"f":{"0":2,"1":13},"b":{"0":[3,10]},"_coverageSchema":"1a1c01bbd47fc00a2c39e90264f33305004495a9","hash":"1b03b36937d08f4baa8ac848064a5a209d6b7285"}
}
